<?xml version='1.0' encoding='UTF-8'?>
<testsuite hostname="10.0.0.10" name="edu.luc.etl.cs313.scala.clickcounter.service.api.LocalHttpSpec" tests="9" errors="8" failures="0" time="-0.009">
                     <properties>
[...]
</properties>
                     <testcase classname="edu.luc.etl.cs313.scala.clickcounter.service.api.LocalHttpSpec" name="(It is not a test)" time="-0.001">
                                                 <error message="java.net.ConnectException: Connection refused: localhost/127.0.0.1:8080 to http://localhost:8080/counters/123?min=0&amp;max=5" type="java.util.concurrent.ExecutionException">java.util.concurrent.ExecutionException: java.net.ConnectException: Connection refused: localhost/127.0.0.1:8080 to http://localhost:8080/counters/123?min=0&amp;max=5
	at com.ning.http.client.providers.netty.NettyResponseFuture.abort(NettyResponseFuture.java:342)
	at com.ning.http.client.providers.netty.NettyConnectListener.operationComplete(NettyConnectListener.java:107)
	at org.jboss.netty.channel.DefaultChannelFuture.notifyListener(DefaultChannelFuture.java:427)
	at org.jboss.netty.channel.DefaultChannelFuture.notifyListeners(DefaultChannelFuture.java:418)
	at org.jboss.netty.channel.DefaultChannelFuture.setFailure(DefaultChannelFuture.java:380)
	at org.jboss.netty.channel.socket.nio.NioClientBoss.processSelectedKeys(NioClientBoss.java:109)
	at org.jboss.netty.channel.socket.nio.NioClientBoss.process(NioClientBoss.java:79)
	at org.jboss.netty.channel.socket.nio.AbstractNioSelector.run(AbstractNioSelector.java:318)
	at org.jboss.netty.channel.socket.nio.NioClientBoss.run(NioClientBoss.java:42)
	at org.jboss.netty.util.ThreadRenamingRunnable.run(ThreadRenamingRunnable.java:108)
	at org.jboss.netty.util.internal.DeadLockProofWorker$1.run(DeadLockProofWorker.java:42)
Caused by: java.net.ConnectException: Connection refused: localhost/127.0.0.1:8080 to http://localhost:8080/counters/123?min=0&amp;max=5
	at com.ning.http.client.providers.netty.NettyConnectListener.operationComplete(NettyConnectListener.java:103)
	... 9 more
Caused by: java.net.ConnectException: Connection refused: localhost/127.0.0.1:8080
	at sun.nio.ch.SocketChannelImpl.checkConnect(Native Method)
	at sun.nio.ch.SocketChannelImpl.finishConnect(SocketChannelImpl.java:716)
	at org.jboss.netty.channel.socket.nio.NioClientBoss.connect(NioClientBoss.java:150)
	at org.jboss.netty.channel.socket.nio.NioClientBoss.processSelectedKeys(NioClientBoss.java:105)
	at org.jboss.netty.channel.socket.nio.NioClientBoss.process(NioClientBoss.java:79)
	at org.jboss.netty.channel.socket.nio.AbstractNioSelector.run(AbstractNioSelector.java:318)
	at org.jboss.netty.channel.socket.nio.NioClientBoss.run(NioClientBoss.java:42)
</error>
                                               </testcase><testcase classname="edu.luc.etl.cs313.scala.clickcounter.service.api.LocalHttpSpec" name="(It is not a test)" time="-0.001">
                                                 <error message="java.net.ConnectException: Connection refused: localhost/127.0.0.1:8080 to http://localhost:8080/counters" type="java.util.concurrent.ExecutionException">java.util.concurrent.ExecutionException: java.net.ConnectException: Connection refused: localhost/127.0.0.1:8080 to http://localhost:8080/counters
	at com.ning.http.client.providers.netty.NettyResponseFuture.abort(NettyResponseFuture.java:342)
	at com.ning.http.client.providers.netty.NettyConnectListener.operationComplete(NettyConnectListener.java:107)
	at org.jboss.netty.channel.DefaultChannelFuture.notifyListener(DefaultChannelFuture.java:427)
	at org.jboss.netty.channel.DefaultChannelFuture.notifyListeners(DefaultChannelFuture.java:418)
	at org.jboss.netty.channel.DefaultChannelFuture.setFailure(DefaultChannelFuture.java:380)
	at org.jboss.netty.channel.socket.nio.NioClientBoss.processSelectedKeys(NioClientBoss.java:109)
	at org.jboss.netty.channel.socket.nio.NioClientBoss.process(NioClientBoss.java:79)
	at org.jboss.netty.channel.socket.nio.AbstractNioSelector.run(AbstractNioSelector.java:318)
	at org.jboss.netty.channel.socket.nio.NioClientBoss.run(NioClientBoss.java:42)
	at org.jboss.netty.util.ThreadRenamingRunnable.run(ThreadRenamingRunnable.java:108)
	at org.jboss.netty.util.internal.DeadLockProofWorker$1.run(DeadLockProofWorker.java:42)
Caused by: java.net.ConnectException: Connection refused: localhost/127.0.0.1:8080 to http://localhost:8080/counters
	at com.ning.http.client.providers.netty.NettyConnectListener.operationComplete(NettyConnectListener.java:103)
	... 9 more
Caused by: java.net.ConnectException: Connection refused: localhost/127.0.0.1:8080
	at sun.nio.ch.SocketChannelImpl.checkConnect(Native Method)
	at sun.nio.ch.SocketChannelImpl.finishConnect(SocketChannelImpl.java:716)
	at org.jboss.netty.channel.socket.nio.NioClientBoss.connect(NioClientBoss.java:150)
	at org.jboss.netty.channel.socket.nio.NioClientBoss.processSelectedKeys(NioClientBoss.java:105)
	at org.jboss.netty.channel.socket.nio.NioClientBoss.process(NioClientBoss.java:79)
	at org.jboss.netty.channel.socket.nio.AbstractNioSelector.run(AbstractNioSelector.java:318)
	at org.jboss.netty.channel.socket.nio.NioClientBoss.run(NioClientBoss.java:42)
</error>
                                               </testcase><testcase classname="edu.luc.etl.cs313.scala.clickcounter.service.api.LocalHttpSpec" name="(It is not a test)" time="-0.001">
                                                 <error message="java.net.ConnectException: Connection refused: localhost/127.0.0.1:8080 to http://localhost:8080/counters/123" type="java.util.concurrent.ExecutionException">java.util.concurrent.ExecutionException: java.net.ConnectException: Connection refused: localhost/127.0.0.1:8080 to http://localhost:8080/counters/123
	at com.ning.http.client.providers.netty.NettyResponseFuture.abort(NettyResponseFuture.java:342)
	at com.ning.http.client.providers.netty.NettyConnectListener.operationComplete(NettyConnectListener.java:107)
	at org.jboss.netty.channel.DefaultChannelFuture.notifyListener(DefaultChannelFuture.java:427)
	at org.jboss.netty.channel.DefaultChannelFuture.notifyListeners(DefaultChannelFuture.java:418)
	at org.jboss.netty.channel.DefaultChannelFuture.setFailure(DefaultChannelFuture.java:380)
	at org.jboss.netty.channel.socket.nio.NioClientBoss.processSelectedKeys(NioClientBoss.java:109)
	at org.jboss.netty.channel.socket.nio.NioClientBoss.process(NioClientBoss.java:79)
	at org.jboss.netty.channel.socket.nio.AbstractNioSelector.run(AbstractNioSelector.java:318)
	at org.jboss.netty.channel.socket.nio.NioClientBoss.run(NioClientBoss.java:42)
	at org.jboss.netty.util.ThreadRenamingRunnable.run(ThreadRenamingRunnable.java:108)
	at org.jboss.netty.util.internal.DeadLockProofWorker$1.run(DeadLockProofWorker.java:42)
Caused by: java.net.ConnectException: Connection refused: localhost/127.0.0.1:8080 to http://localhost:8080/counters/123
	at com.ning.http.client.providers.netty.NettyConnectListener.operationComplete(NettyConnectListener.java:103)
	... 9 more
Caused by: java.net.ConnectException: Connection refused: localhost/127.0.0.1:8080
	at sun.nio.ch.SocketChannelImpl.checkConnect(Native Method)
	at sun.nio.ch.SocketChannelImpl.finishConnect(SocketChannelImpl.java:716)
	at org.jboss.netty.channel.socket.nio.NioClientBoss.connect(NioClientBoss.java:150)
	at org.jboss.netty.channel.socket.nio.NioClientBoss.processSelectedKeys(NioClientBoss.java:105)
	at org.jboss.netty.channel.socket.nio.NioClientBoss.process(NioClientBoss.java:79)
	at org.jboss.netty.channel.socket.nio.AbstractNioSelector.run(AbstractNioSelector.java:318)
	at org.jboss.netty.channel.socket.nio.NioClientBoss.run(NioClientBoss.java:42)
</error>
                                               </testcase><testcase classname="edu.luc.etl.cs313.scala.clickcounter.service.api.LocalHttpSpec" name="(It is not a test)" time="-0.001">
                                                 <error message="java.net.ConnectException: Connection refused: localhost/127.0.0.1:8080 to http://localhost:8080/counters/123" type="java.util.concurrent.ExecutionException">java.util.concurrent.ExecutionException: java.net.ConnectException: Connection refused: localhost/127.0.0.1:8080 to http://localhost:8080/counters/123
	at com.ning.http.client.providers.netty.NettyResponseFuture.abort(NettyResponseFuture.java:342)
	at com.ning.http.client.providers.netty.NettyConnectListener.operationComplete(NettyConnectListener.java:107)
	at org.jboss.netty.channel.DefaultChannelFuture.notifyListener(DefaultChannelFuture.java:427)
	at org.jboss.netty.channel.DefaultChannelFuture.notifyListeners(DefaultChannelFuture.java:418)
	at org.jboss.netty.channel.DefaultChannelFuture.setFailure(DefaultChannelFuture.java:380)
	at org.jboss.netty.channel.socket.nio.NioClientBoss.processSelectedKeys(NioClientBoss.java:109)
	at org.jboss.netty.channel.socket.nio.NioClientBoss.process(NioClientBoss.java:79)
	at org.jboss.netty.channel.socket.nio.AbstractNioSelector.run(AbstractNioSelector.java:318)
	at org.jboss.netty.channel.socket.nio.NioClientBoss.run(NioClientBoss.java:42)
	at org.jboss.netty.util.ThreadRenamingRunnable.run(ThreadRenamingRunnable.java:108)
	at org.jboss.netty.util.internal.DeadLockProofWorker$1.run(DeadLockProofWorker.java:42)
Caused by: java.net.ConnectException: Connection refused: localhost/127.0.0.1:8080 to http://localhost:8080/counters/123
	at com.ning.http.client.providers.netty.NettyConnectListener.operationComplete(NettyConnectListener.java:103)
	... 9 more
Caused by: java.net.ConnectException: Connection refused: localhost/127.0.0.1:8080
	at sun.nio.ch.SocketChannelImpl.checkConnect(Native Method)
	at sun.nio.ch.SocketChannelImpl.finishConnect(SocketChannelImpl.java:716)
	at org.jboss.netty.channel.socket.nio.NioClientBoss.connect(NioClientBoss.java:150)
	at org.jboss.netty.channel.socket.nio.NioClientBoss.processSelectedKeys(NioClientBoss.java:105)
	at org.jboss.netty.channel.socket.nio.NioClientBoss.process(NioClientBoss.java:79)
	at org.jboss.netty.channel.socket.nio.AbstractNioSelector.run(AbstractNioSelector.java:318)
	at org.jboss.netty.channel.socket.nio.NioClientBoss.run(NioClientBoss.java:42)
</error>
                                               </testcase><testcase classname="edu.luc.etl.cs313.scala.clickcounter.service.api.LocalHttpSpec" name="(It is not a test)" time="-0.001">
                                                 <error message="java.net.ConnectException: Connection refused: localhost/127.0.0.1:8080 to http://localhost:8080/counters/123?min=0&amp;max=5" type="java.util.concurrent.ExecutionException">java.util.concurrent.ExecutionException: java.net.ConnectException: Connection refused: localhost/127.0.0.1:8080 to http://localhost:8080/counters/123?min=0&amp;max=5
	at com.ning.http.client.providers.netty.NettyResponseFuture.abort(NettyResponseFuture.java:342)
	at com.ning.http.client.providers.netty.NettyConnectListener.operationComplete(NettyConnectListener.java:107)
	at org.jboss.netty.channel.DefaultChannelFuture.notifyListener(DefaultChannelFuture.java:427)
	at org.jboss.netty.channel.DefaultChannelFuture.notifyListeners(DefaultChannelFuture.java:418)
	at org.jboss.netty.channel.DefaultChannelFuture.setFailure(DefaultChannelFuture.java:380)
	at org.jboss.netty.channel.socket.nio.NioClientBoss.processSelectedKeys(NioClientBoss.java:109)
	at org.jboss.netty.channel.socket.nio.NioClientBoss.process(NioClientBoss.java:79)
	at org.jboss.netty.channel.socket.nio.AbstractNioSelector.run(AbstractNioSelector.java:318)
	at org.jboss.netty.channel.socket.nio.NioClientBoss.run(NioClientBoss.java:42)
	at org.jboss.netty.util.ThreadRenamingRunnable.run(ThreadRenamingRunnable.java:108)
	at org.jboss.netty.util.internal.DeadLockProofWorker$1.run(DeadLockProofWorker.java:42)
Caused by: java.net.ConnectException: Connection refused: localhost/127.0.0.1:8080 to http://localhost:8080/counters/123?min=0&amp;max=5
	at com.ning.http.client.providers.netty.NettyConnectListener.operationComplete(NettyConnectListener.java:103)
	... 9 more
Caused by: java.net.ConnectException: Connection refused: localhost/127.0.0.1:8080
	at sun.nio.ch.SocketChannelImpl.checkConnect(Native Method)
	at sun.nio.ch.SocketChannelImpl.finishConnect(SocketChannelImpl.java:716)
	at org.jboss.netty.channel.socket.nio.NioClientBoss.connect(NioClientBoss.java:150)
	at org.jboss.netty.channel.socket.nio.NioClientBoss.processSelectedKeys(NioClientBoss.java:105)
	at org.jboss.netty.channel.socket.nio.NioClientBoss.process(NioClientBoss.java:79)
	at org.jboss.netty.channel.socket.nio.AbstractNioSelector.run(AbstractNioSelector.java:318)
	at org.jboss.netty.channel.socket.nio.NioClientBoss.run(NioClientBoss.java:42)
</error>
                                               </testcase><testcase classname="edu.luc.etl.cs313.scala.clickcounter.service.api.LocalHttpSpec" name="(It is not a test)" time="-0.001">
                                                 <error message="java.net.ConnectException: Connection refused: localhost/127.0.0.1:8080 to http://localhost:8080/counters/123/decrement" type="java.util.concurrent.ExecutionException">java.util.concurrent.ExecutionException: java.net.ConnectException: Connection refused: localhost/127.0.0.1:8080 to http://localhost:8080/counters/123/decrement
	at com.ning.http.client.providers.netty.NettyResponseFuture.abort(NettyResponseFuture.java:342)
	at com.ning.http.client.providers.netty.NettyConnectListener.operationComplete(NettyConnectListener.java:107)
	at org.jboss.netty.channel.DefaultChannelFuture.notifyListener(DefaultChannelFuture.java:427)
	at org.jboss.netty.channel.DefaultChannelFuture.notifyListeners(DefaultChannelFuture.java:418)
	at org.jboss.netty.channel.DefaultChannelFuture.setFailure(DefaultChannelFuture.java:380)
	at org.jboss.netty.channel.socket.nio.NioClientBoss.processSelectedKeys(NioClientBoss.java:109)
	at org.jboss.netty.channel.socket.nio.NioClientBoss.process(NioClientBoss.java:79)
	at org.jboss.netty.channel.socket.nio.AbstractNioSelector.run(AbstractNioSelector.java:318)
	at org.jboss.netty.channel.socket.nio.NioClientBoss.run(NioClientBoss.java:42)
	at org.jboss.netty.util.ThreadRenamingRunnable.run(ThreadRenamingRunnable.java:108)
	at org.jboss.netty.util.internal.DeadLockProofWorker$1.run(DeadLockProofWorker.java:42)
Caused by: java.net.ConnectException: Connection refused: localhost/127.0.0.1:8080 to http://localhost:8080/counters/123/decrement
	at com.ning.http.client.providers.netty.NettyConnectListener.operationComplete(NettyConnectListener.java:103)
	... 9 more
Caused by: java.net.ConnectException: Connection refused: localhost/127.0.0.1:8080
	at sun.nio.ch.SocketChannelImpl.checkConnect(Native Method)
	at sun.nio.ch.SocketChannelImpl.finishConnect(SocketChannelImpl.java:716)
	at org.jboss.netty.channel.socket.nio.NioClientBoss.connect(NioClientBoss.java:150)
	at org.jboss.netty.channel.socket.nio.NioClientBoss.processSelectedKeys(NioClientBoss.java:105)
	at org.jboss.netty.channel.socket.nio.NioClientBoss.process(NioClientBoss.java:79)
	at org.jboss.netty.channel.socket.nio.AbstractNioSelector.run(AbstractNioSelector.java:318)
	at org.jboss.netty.channel.socket.nio.NioClientBoss.run(NioClientBoss.java:42)
</error>
                                               </testcase><testcase classname="edu.luc.etl.cs313.scala.clickcounter.service.api.LocalHttpSpec" name="(It is not a test)" time="-0.001">
                                                 <error message="java.net.ConnectException: Connection refused: localhost/127.0.0.1:8080 to http://localhost:8080/counters/123/reset" type="java.util.concurrent.ExecutionException">java.util.concurrent.ExecutionException: java.net.ConnectException: Connection refused: localhost/127.0.0.1:8080 to http://localhost:8080/counters/123/reset
	at com.ning.http.client.providers.netty.NettyResponseFuture.abort(NettyResponseFuture.java:342)
	at com.ning.http.client.providers.netty.NettyConnectListener.operationComplete(NettyConnectListener.java:107)
	at org.jboss.netty.channel.DefaultChannelFuture.notifyListener(DefaultChannelFuture.java:427)
	at org.jboss.netty.channel.DefaultChannelFuture.notifyListeners(DefaultChannelFuture.java:418)
	at org.jboss.netty.channel.DefaultChannelFuture.setFailure(DefaultChannelFuture.java:380)
	at org.jboss.netty.channel.socket.nio.NioClientBoss.processSelectedKeys(NioClientBoss.java:109)
	at org.jboss.netty.channel.socket.nio.NioClientBoss.process(NioClientBoss.java:79)
	at org.jboss.netty.channel.socket.nio.AbstractNioSelector.run(AbstractNioSelector.java:318)
	at org.jboss.netty.channel.socket.nio.NioClientBoss.run(NioClientBoss.java:42)
	at org.jboss.netty.util.ThreadRenamingRunnable.run(ThreadRenamingRunnable.java:108)
	at org.jboss.netty.util.internal.DeadLockProofWorker$1.run(DeadLockProofWorker.java:42)
Caused by: java.net.ConnectException: Connection refused: localhost/127.0.0.1:8080 to http://localhost:8080/counters/123/reset
	at com.ning.http.client.providers.netty.NettyConnectListener.operationComplete(NettyConnectListener.java:103)
	... 9 more
Caused by: java.net.ConnectException: Connection refused: localhost/127.0.0.1:8080
	at sun.nio.ch.SocketChannelImpl.checkConnect(Native Method)
	at sun.nio.ch.SocketChannelImpl.finishConnect(SocketChannelImpl.java:716)
	at org.jboss.netty.channel.socket.nio.NioClientBoss.connect(NioClientBoss.java:150)
	at org.jboss.netty.channel.socket.nio.NioClientBoss.processSelectedKeys(NioClientBoss.java:105)
	at org.jboss.netty.channel.socket.nio.NioClientBoss.process(NioClientBoss.java:79)
	at org.jboss.netty.channel.socket.nio.AbstractNioSelector.run(AbstractNioSelector.java:318)
	at org.jboss.netty.channel.socket.nio.NioClientBoss.run(NioClientBoss.java:42)
</error>
                                               </testcase><testcase classname="edu.luc.etl.cs313.scala.clickcounter.service.api.LocalHttpSpec" name="(It is not a test)" time="-0.001">
                                                 
                                               </testcase><testcase classname="edu.luc.etl.cs313.scala.clickcounter.service.api.LocalHttpSpec" name="(It is not a test)" time="-0.001">
                                                 <error message="java.net.ConnectException: Connection refused: localhost/127.0.0.1:8080 to http://localhost:8080/counters/123/increment" type="java.util.concurrent.ExecutionException">java.util.concurrent.ExecutionException: java.net.ConnectException: Connection refused: localhost/127.0.0.1:8080 to http://localhost:8080/counters/123/increment
	at com.ning.http.client.providers.netty.NettyResponseFuture.abort(NettyResponseFuture.java:342)
	at com.ning.http.client.providers.netty.NettyConnectListener.operationComplete(NettyConnectListener.java:107)
	at org.jboss.netty.channel.DefaultChannelFuture.notifyListener(DefaultChannelFuture.java:427)
	at org.jboss.netty.channel.DefaultChannelFuture.notifyListeners(DefaultChannelFuture.java:418)
	at org.jboss.netty.channel.DefaultChannelFuture.setFailure(DefaultChannelFuture.java:380)
	at org.jboss.netty.channel.socket.nio.NioClientBoss.processSelectedKeys(NioClientBoss.java:109)
	at org.jboss.netty.channel.socket.nio.NioClientBoss.process(NioClientBoss.java:79)
	at org.jboss.netty.channel.socket.nio.AbstractNioSelector.run(AbstractNioSelector.java:318)
	at org.jboss.netty.channel.socket.nio.NioClientBoss.run(NioClientBoss.java:42)
	at org.jboss.netty.util.ThreadRenamingRunnable.run(ThreadRenamingRunnable.java:108)
	at org.jboss.netty.util.internal.DeadLockProofWorker$1.run(DeadLockProofWorker.java:42)
Caused by: java.net.ConnectException: Connection refused: localhost/127.0.0.1:8080 to http://localhost:8080/counters/123/increment
	at com.ning.http.client.providers.netty.NettyConnectListener.operationComplete(NettyConnectListener.java:103)
	... 9 more
Caused by: java.net.ConnectException: Connection refused: localhost/127.0.0.1:8080
	at sun.nio.ch.SocketChannelImpl.checkConnect(Native Method)
	at sun.nio.ch.SocketChannelImpl.finishConnect(SocketChannelImpl.java:716)
	at org.jboss.netty.channel.socket.nio.NioClientBoss.connect(NioClientBoss.java:150)
	at org.jboss.netty.channel.socket.nio.NioClientBoss.processSelectedKeys(NioClientBoss.java:105)
	at org.jboss.netty.channel.socket.nio.NioClientBoss.process(NioClientBoss.java:79)
	at org.jboss.netty.channel.socket.nio.AbstractNioSelector.run(AbstractNioSelector.java:318)
	at org.jboss.netty.channel.socket.nio.NioClientBoss.run(NioClientBoss.java:42)
</error>
                                               </testcase>
                     <system-out></system-out>
                     <system-err></system-err>
                   </testsuite>